<?xml version="1.0" encoding="UTF-8"?>
<testng-results ignored="0" total="2" passed="2" failed="0" skipped="0">
  <reporter-output>
  </reporter-output>
  <suite started-at="2024-04-10T23:18:33 IST" name="Suite" finished-at="2024-04-10T23:19:09 IST" duration-ms="35698">
    <groups>
    </groups>
    <test started-at="2024-04-10T23:18:33 IST" name="Test" finished-at="2024-04-10T23:19:09 IST" duration-ms="35698">
      <class name="testCases.TC_001_AccountRegistrationTest">
        <test-method is-config="true" signature="setup(java.lang.String,java.lang.String)[pri:0, instance:testCases.TC_001_AccountRegistrationTest@6b5966e1]" started-at="2024-04-10T23:18:33 IST" name="setup" finished-at="2024-04-10T23:18:47 IST" duration-ms="13766" status="PASS">
          <params>
            <param index="0">
              <value>
                <![CDATA[Windows]]>
              </value>
            </param>
            <param index="1">
              <value>
                <![CDATA[chrome]]>
              </value>
            </param>
          </params>
          <reporter-output>
          </reporter-output>
        </test-method> <!-- setup -->
        <test-method signature="verify_account_registratdriver()[pri:0, instance:testCases.TC_001_AccountRegistrationTest@6b5966e1]" started-at="2024-04-10T23:18:47 IST" name="verify_account_registratdriver" finished-at="2024-04-10T23:18:57 IST" duration-ms="10007" status="PASS">
          <reporter-output>
          </reporter-output>
        </test-method> <!-- verify_account_registratdriver -->
        <test-method is-config="true" signature="tearDown()[pri:0, instance:testCases.TC_001_AccountRegistrationTest@6b5966e1]" started-at="2024-04-10T23:18:57 IST" name="tearDown" finished-at="2024-04-10T23:18:58 IST" duration-ms="450" status="PASS">
          <reporter-output>
          </reporter-output>
        </test-method> <!-- tearDown -->
      </class> <!-- testCases.TC_001_AccountRegistrationTest -->
      <class name="testCases.TC_002_LoginTest">
        <test-method is-config="true" signature="setup(java.lang.String,java.lang.String)[pri:0, instance:testCases.TC_002_LoginTest@f9879ac]" started-at="2024-04-10T23:18:58 IST" name="setup" finished-at="2024-04-10T23:19:03 IST" duration-ms="5334" status="PASS">
          <params>
            <param index="0">
              <value>
                <![CDATA[Windows]]>
              </value>
            </param>
            <param index="1">
              <value>
                <![CDATA[chrome]]>
              </value>
            </param>
          </params>
          <reporter-output>
          </reporter-output>
        </test-method> <!-- setup -->
        <test-method signature="verify_test()[pri:0, instance:testCases.TC_002_LoginTest@f9879ac]" started-at="2024-04-10T23:19:03 IST" name="verify_test" finished-at="2024-04-10T23:19:09 IST" duration-ms="5756" status="PASS">
          <reporter-output>
          </reporter-output>
        </test-method> <!-- verify_test -->
        <test-method is-config="true" signature="tearDown()[pri:0, instance:testCases.TC_002_LoginTest@f9879ac]" started-at="2024-04-10T23:19:09 IST" name="tearDown" finished-at="2024-04-10T23:19:09 IST" duration-ms="294" status="PASS">
          <reporter-output>
          </reporter-output>
        </test-method> <!-- tearDown -->
      </class> <!-- testCases.TC_002_LoginTest -->
    </test> <!-- Test -->
  </suite> <!-- Suite -->
</testng-results>
