<?xml version="1.0" encoding="UTF-8"?>
<testng-results ignored="0" total="2" passed="2" failed="0" skipped="0">
  <reporter-output>
  </reporter-output>
  <suite started-at="2024-04-25T00:42:43 IST" name="Suite" finished-at="2024-04-25T00:43:20 IST" duration-ms="36685">
    <groups>
      <group name="regression">
        <method signature="TC_001_AccountRegistrationTest.verify_account_registratdriver()[pri:0, instance:testCases.TC_001_AccountRegistrationTest@674c583e]" name="verify_account_registratdriver" class="testCases.TC_001_AccountRegistrationTest"/>
      </group> <!-- regression -->
      <group name="sanity">
        <method signature="TC_002_LoginTest.verify_test()[pri:0, instance:testCases.TC_002_LoginTest@61861a29]" name="verify_test" class="testCases.TC_002_LoginTest"/>
      </group> <!-- sanity -->
      <group name="master">
        <method signature="TC_001_AccountRegistrationTest.verify_account_registratdriver()[pri:0, instance:testCases.TC_001_AccountRegistrationTest@674c583e]" name="verify_account_registratdriver" class="testCases.TC_001_AccountRegistrationTest"/>
        <method signature="TC_002_LoginTest.verify_test()[pri:0, instance:testCases.TC_002_LoginTest@61861a29]" name="verify_test" class="testCases.TC_002_LoginTest"/>
      </group> <!-- master -->
    </groups>
    <test started-at="2024-04-25T00:42:43 IST" name="Test" finished-at="2024-04-25T00:43:20 IST" duration-ms="36685">
      <class name="testCases.TC_001_AccountRegistrationTest">
        <test-method is-config="true" signature="setup(java.lang.String,java.lang.String)[pri:0, instance:testCases.TC_001_AccountRegistrationTest@674c583e]" started-at="2024-04-25T00:42:44 IST" name="setup" finished-at="2024-04-25T00:42:56 IST" duration-ms="12278" status="PASS">
          <params>
            <param index="0">
              <value>
                <![CDATA[Windows]]>
              </value>
            </param>
            <param index="1">
              <value>
                <![CDATA[chrome]]>
              </value>
            </param>
          </params>
          <reporter-output>
          </reporter-output>
        </test-method> <!-- setup -->
        <test-method signature="verify_account_registratdriver()[pri:0, instance:testCases.TC_001_AccountRegistrationTest@674c583e]" started-at="2024-04-25T00:42:56 IST" name="verify_account_registratdriver" finished-at="2024-04-25T00:43:07 IST" duration-ms="10817" status="PASS">
          <reporter-output>
          </reporter-output>
        </test-method> <!-- verify_account_registratdriver -->
        <test-method is-config="true" signature="tearDown()[pri:0, instance:testCases.TC_001_AccountRegistrationTest@674c583e]" started-at="2024-04-25T00:43:07 IST" name="tearDown" finished-at="2024-04-25T00:43:09 IST" duration-ms="2173" status="PASS">
          <reporter-output>
          </reporter-output>
        </test-method> <!-- tearDown -->
      </class> <!-- testCases.TC_001_AccountRegistrationTest -->
      <class name="testCases.TC_002_LoginTest">
        <test-method is-config="true" signature="setup(java.lang.String,java.lang.String)[pri:0, instance:testCases.TC_002_LoginTest@61861a29]" started-at="2024-04-25T00:43:09 IST" name="setup" finished-at="2024-04-25T00:43:13 IST" duration-ms="4343" status="PASS">
          <params>
            <param index="0">
              <value>
                <![CDATA[Windows]]>
              </value>
            </param>
            <param index="1">
              <value>
                <![CDATA[chrome]]>
              </value>
            </param>
          </params>
          <reporter-output>
          </reporter-output>
        </test-method> <!-- setup -->
        <test-method signature="verify_test()[pri:0, instance:testCases.TC_002_LoginTest@61861a29]" started-at="2024-04-25T00:43:13 IST" name="verify_test" finished-at="2024-04-25T00:43:20 IST" duration-ms="6325" status="PASS">
          <reporter-output>
          </reporter-output>
        </test-method> <!-- verify_test -->
        <test-method is-config="true" signature="tearDown()[pri:0, instance:testCases.TC_002_LoginTest@61861a29]" started-at="2024-04-25T00:43:20 IST" name="tearDown" finished-at="2024-04-25T00:43:20 IST" duration-ms="306" status="PASS">
          <reporter-output>
          </reporter-output>
        </test-method> <!-- tearDown -->
      </class> <!-- testCases.TC_002_LoginTest -->
    </test> <!-- Test -->
  </suite> <!-- Suite -->
</testng-results>
